{"target": 0.00040988007898504805, "params": {"alpha": 47.53198042323166, "factors": 362.9590017866575, "iterations": 1.0113231069171438, "regularization": 0.1581429605896015}, "datetime": {"datetime": "2023-04-11 04:15:04", "elapsed": 0.0, "delta": 0.0}}
{"target": 0.004011160931986353, "params": {"alpha": 23.208030173540173, "factors": 55.24591143671092, "iterations": 19.439760926389418, "regularization": 0.1793247562510934}, "datetime": {"datetime": "2023-04-11 04:24:30", "elapsed": 565.952315, "delta": 565.952315}}
{"target": 0.004028186216252572, "params": {"alpha": 45.70907268076029, "factors": 274.0201996616449, "iterations": 42.50025692592619, "regularization": 0.34575755519441215}, "datetime": {"datetime": "2023-04-11 04:56:03", "elapsed": 2458.95435, "delta": 1893.002035}}
{"target": 0.0027949083209021473, "params": {"alpha": 28.400702475836567, "factors": 440.27754383156326, "iterations": 3.71137172659469, "regularization": 0.3385290799874171}, "datetime": {"datetime": "2023-04-11 04:59:07", "elapsed": 2642.710836, "delta": 183.756486}}
{"target": 0.0039182240667015355, "params": {"alpha": 47.55743221304143, "factors": 283.75801593841834, "iterations": 14.898306920928142, "regularization": 0.1070697296515906}, "datetime": {"datetime": "2023-04-11 05:10:06", "elapsed": 3302.163597, "delta": 659.452761}}
{"target": 0.003995744437567825, "params": {"alpha": 26.476018637976974, "factors": 54.17962459631189, "iterations": 20.30430358971211, "regularization": 0.30714936036919904}, "datetime": {"datetime": "2023-04-11 05:19:48", "elapsed": 3883.807335, "delta": 581.643738}}
{"target": 0.0027356674865550946, "params": {"alpha": 46.61986962844664, "factors": 206.95636036506255, "iterations": 3.583422140358371, "regularization": 0.2822188565724299}, "datetime": {"datetime": "2023-04-11 05:22:51", "elapsed": 4067.161393, "delta": 183.354058}}
{"target": 0.004060315639514205, "params": {"alpha": 11.777201734186328, "factors": 75.15571578690756, "iterations": 82.69589116647907, "regularization": 0.257690852900141}, "datetime": {"datetime": "2023-04-11 06:06:36", "elapsed": 6692.188983, "delta": 2625.02759}}
{"target": 0.003215546233129415, "params": {"alpha": 10.365384399272726, "factors": 10.130039087237698, "iterations": 95.57341155263653, "regularization": 0.10545413292787882}, "datetime": {"datetime": "2023-04-11 06:22:11", "elapsed": 7627.120758, "delta": 934.931775}}
{"target": 0.003716018592863926, "params": {"alpha": 79.6421584458904, "factors": 102.5407003862295, "iterations": 77.82265882238946, "regularization": 0.12379472422290239}, "datetime": {"datetime": "2023-04-11 07:06:49", "elapsed": 10305.332689, "delta": 2678.211931}}
{"target": 0.004267258343715801, "params": {"alpha": 20.51678125995256, "factors": 151.9606520546814, "iterations": 99.51984263986631, "regularization": 0.4375570316637724}, "datetime": {"datetime": "2023-04-11 08:13:26", "elapsed": 14301.630817, "delta": 3996.298128}}
{"target": 0.00422128480791872, "params": {"alpha": 12.762605865667055, "factors": 222.66978841084315, "iterations": 98.41618888355417, "regularization": 0.1388241834166696}, "datetime": {"datetime": "2023-04-11 09:26:15", "elapsed": 18670.729724, "delta": 4369.098907}}
{"target": 0.003580761336264541, "params": {"alpha": 96.46144104212487, "factors": 230.4190838822746, "iterations": 99.60821474636657, "regularization": 0.23915510506735085}, "datetime": {"datetime": "2023-04-11 10:55:14", "elapsed": 24010.370939, "delta": 5339.641215}}
{"target": 0.004150004797712682, "params": {"alpha": 13.755477324512615, "factors": 124.9986276657159, "iterations": 40.392008219237, "regularization": 0.03214116775763947}, "datetime": {"datetime": "2023-04-11 11:18:08", "elapsed": 25383.695507, "delta": 1373.324568}}
{"target": 0.0037862718899273782, "params": {"alpha": 96.84645347762722, "factors": 498.62158957203127, "iterations": 96.41096673837839, "regularization": 0.47857380200827754}, "datetime": {"datetime": "2023-04-11 12:43:11", "elapsed": 30486.573336, "delta": 5102.877829}}
