{"target": 0.00040988007898504805, "params": {"alpha": 47.53198042323166, "factors": 362.9590017866575, "iterations": 1.0113231069171438, "regularization": 0.1581429605896015}, "datetime": {"datetime": "2023-04-10 19:17:29", "elapsed": 0.0, "delta": 0.0}}
{"target": 0.004011160931986353, "params": {"alpha": 23.208030173540173, "factors": 55.24591143671092, "iterations": 19.439760926389418, "regularization": 0.1793247562510934}, "datetime": {"datetime": "2023-04-10 19:27:02", "elapsed": 572.469625, "delta": 572.469625}}
{"target": 0.004028186216252572, "params": {"alpha": 45.70907268076029, "factors": 274.0201996616449, "iterations": 42.50025692592619, "regularization": 0.34575755519441215}, "datetime": {"datetime": "2023-04-10 19:58:59", "elapsed": 2490.023696, "delta": 1917.554071}}
{"target": 0.0027949083209021473, "params": {"alpha": 28.400702475836567, "factors": 440.27754383156326, "iterations": 3.71137172659469, "regularization": 0.3385290799874171}, "datetime": {"datetime": "2023-04-10 20:02:06", "elapsed": 2677.059077, "delta": 187.035381}}
{"target": 0.0039182240667015355, "params": {"alpha": 47.55743221304143, "factors": 283.75801593841834, "iterations": 14.898306920928142, "regularization": 0.1070697296515906}, "datetime": {"datetime": "2023-04-10 20:13:14", "elapsed": 3344.860253, "delta": 667.801176}}
{"target": 0.003995744437567825, "params": {"alpha": 26.476018637976974, "factors": 54.17962459631189, "iterations": 20.30430358971211, "regularization": 0.30714936036919904}, "datetime": {"datetime": "2023-04-10 20:23:08", "elapsed": 3938.790949, "delta": 593.930696}}
{"target": 0.0027356674865550946, "params": {"alpha": 46.61986962844664, "factors": 206.95636036506255, "iterations": 3.583422140358371, "regularization": 0.2822188565724299}, "datetime": {"datetime": "2023-04-10 20:26:09", "elapsed": 4119.995466, "delta": 181.204517}}
